Using pre-set license
Built from '2021.3/staging' branch; Version is '2021.3.25f1 (68ef2c4f8861) revision 6876972'; Using compiler version '192829333'; Build Type 'Release'
OS: 'Windows 10  (10.0.19045) 64bit Core' Language: 'en' Physical Memory: 16310 MB
BatchMode: 1, IsHumanControllingUs: 0, StartBugReporterOnCrash: 0, Is64bit: 1, IsPro: 1

COMMAND LINE ARGUMENTS:
C:\Program Files\Unity\Hub\Editor\2021.3.25f1\Editor\Unity.exe
-adb2
-batchMode
-noUpm
-name
AssetImportWorker2
-projectPath
D:/shit I made/2023/James fuck james/Repo/G-J-IDEA/G-J_IDEA
-logFile
Logs/AssetImportWorker2.log
-srvPort
57307
Successfully changed project path to: D:/shit I made/2023/James fuck james/Repo/G-J-IDEA/G-J_IDEA
D:/shit I made/2023/James fuck james/Repo/G-J-IDEA/G-J_IDEA
[UnityMemory] Configuration Parameters - Can be set up in boot.config
    "memorysetup-bucket-allocator-granularity=16"
    "memorysetup-bucket-allocator-bucket-count=8"
    "memorysetup-bucket-allocator-block-size=33554432"
    "memorysetup-bucket-allocator-block-count=8"
    "memorysetup-main-allocator-block-size=16777216"
    "memorysetup-thread-allocator-block-size=16777216"
    "memorysetup-gfx-main-allocator-block-size=16777216"
    "memorysetup-gfx-thread-allocator-block-size=16777216"
    "memorysetup-cache-allocator-block-size=4194304"
    "memorysetup-typetree-allocator-block-size=2097152"
    "memorysetup-profiler-bucket-allocator-granularity=16"
    "memorysetup-profiler-bucket-allocator-bucket-count=8"
    "memorysetup-profiler-bucket-allocator-block-size=33554432"
    "memorysetup-profiler-bucket-allocator-block-count=8"
    "memorysetup-profiler-allocator-block-size=16777216"
    "memorysetup-profiler-editor-allocator-block-size=1048576"
    "memorysetup-temp-allocator-size-main=16777216"
    "memorysetup-job-temp-allocator-block-size=2097152"
    "memorysetup-job-temp-allocator-block-size-background=1048576"
    "memorysetup-job-temp-allocator-reduction-small-platforms=262144"
    "memorysetup-temp-allocator-size-background-worker=32768"
    "memorysetup-temp-allocator-size-job-worker=262144"
    "memorysetup-temp-allocator-size-preload-manager=33554432"
    "memorysetup-temp-allocator-size-nav-mesh-worker=65536"
    "memorysetup-temp-allocator-size-audio-worker=65536"
    "memorysetup-temp-allocator-size-cloud-worker=32768"
    "memorysetup-temp-allocator-size-gi-baking-worker=262144"
    "memorysetup-temp-allocator-size-gfx=262144"
Player connection [35176] Host "[IP] 192.168.0.149 [Port] 0 [Flags] 2 [Guid] 2293184578 [EditorId] 2293184578 [Version] 1048832 [Id] WindowsEditor(7,DESKTOP-JTPSL42) [Debug] 1 [PackageName] WindowsEditor [ProjectName] Editor" joined multi-casting on [225.0.0.222:54997]...

Player connection [35176] Host "[IP] 192.168.0.149 [Port] 0 [Flags] 2 [Guid] 2293184578 [EditorId] 2293184578 [Version] 1048832 [Id] WindowsEditor(7,DESKTOP-JTPSL42) [Debug] 1 [PackageName] WindowsEditor [ProjectName] Editor" joined alternative multi-casting on [225.0.0.222:34997]...

Refreshing native plugins compatible for Editor in 131.38 ms, found 3 plugins.
Preloading 0 native plugins for Editor in 0.00 ms.
Initialize engine version: 2021.3.25f1 (68ef2c4f8861)
[Subsystems] Discovering subsystems at path C:/Program Files/Unity/Hub/Editor/2021.3.25f1/Editor/Data/Resources/UnitySubsystems
[Subsystems] Discovering subsystems at path D:/shit I made/2023/James fuck james/Repo/G-J-IDEA/G-J_IDEA/Assets
GfxDevice: creating device client; threaded=0; jobified=0
Direct3D:
    Version:  Direct3D 11.0 [level 11.1]
    Renderer: NVIDIA GeForce RTX 2060 SUPER (ID=0x1f06)
    Vendor:   NVIDIA
    VRAM:     8019 MB
    Driver:   31.0.15.3168
Initialize mono
Mono path[0] = 'C:/Program Files/Unity/Hub/Editor/2021.3.25f1/Editor/Data/Managed'
Mono path[1] = 'C:/Program Files/Unity/Hub/Editor/2021.3.25f1/Editor/Data/MonoBleedingEdge/lib/mono/unityjit-win32'
Mono config path = 'C:/Program Files/Unity/Hub/Editor/2021.3.25f1/Editor/Data/MonoBleedingEdge/etc'
Using monoOptions --debugger-agent=transport=dt_socket,embedding=1,server=y,suspend=n,address=127.0.0.1:56760
Begin MonoManager ReloadAssembly
Registering precompiled unity dll's ...
Register platform support module: C:/Program Files/Unity/Hub/Editor/2021.3.25f1/Editor/Data/PlaybackEngines/WindowsStandaloneSupport/UnityEditor.WindowsStandalone.Extensions.dll
Registered in 0.007288 seconds.
Native extension for WindowsStandalone target not found
Refreshing native plugins compatible for Editor in 127.27 ms, found 3 plugins.
Preloading 0 native plugins for Editor in 0.00 ms.
Mono: successfully reloaded assembly
- Completed reload, in  0.618 seconds
Domain Reload Profiling:
	ReloadAssembly (619ms)
		BeginReloadAssembly (75ms)
			ExecutionOrderSort (0ms)
			DisableScriptedObjects (0ms)
			BackupInstance (0ms)
			ReleaseScriptingObjects (0ms)
			CreateAndSetChildDomain (1ms)
		EndReloadAssembly (448ms)
			LoadAssemblies (73ms)
			RebuildTransferFunctionScriptingTraits (0ms)
			SetupTypeCache (87ms)
			ReleaseScriptCaches (0ms)
			RebuildScriptCaches (23ms)
			SetupLoadedEditorAssemblies (294ms)
				LogAssemblyErrors (0ms)
				InitializePlatformSupportModulesInManaged (8ms)
				SetLoadedEditorAssemblies (0ms)
				RefreshPlugins (127ms)
				BeforeProcessingInitializeOnLoad (1ms)
				ProcessInitializeOnLoadAttributes (120ms)
				ProcessInitializeOnLoadMethodAttributes (37ms)
				AfterProcessingInitializeOnLoad (0ms)
				EditorAssembliesLoaded (0ms)
			ExecutionOrderSort2 (0ms)
			AwakeInstancesAfterBackupRestoration (0ms)
Platform modules already initialized, skipping
Registering precompiled user dll's ...
Registered in 0.007124 seconds.
Begin MonoManager ReloadAssembly
Symbol file LoadedFromMemory doesn't match image D:\shit I made\2023\James fuck james\Repo\G-J-IDEA\G-J_IDEA\Library\PackageCache\com.unity.visualscripting@1.8.0\Editor\VisualScripting.Core\Dependencies\YamlDotNet\Unity.VisualScripting.YamlDotNet.dll
Symbol file LoadedFromMemory doesn't match image D:\shit I made\2023\James fuck james\Repo\G-J-IDEA\G-J_IDEA\Library\PackageCache\com.unity.visualscripting@1.8.0\Editor\VisualScripting.Core\Dependencies\DotNetZip\Unity.VisualScripting.IonicZip.dll
Native extension for WindowsStandalone target not found
Refreshing native plugins compatible for Editor in 136.50 ms, found 3 plugins.
Preloading 0 native plugins for Editor in 0.00 ms.
Mono: successfully reloaded assembly
- Completed reload, in  1.398 seconds
Domain Reload Profiling:
	ReloadAssembly (1399ms)
		BeginReloadAssembly (114ms)
			ExecutionOrderSort (0ms)
			DisableScriptedObjects (6ms)
			BackupInstance (0ms)
			ReleaseScriptingObjects (0ms)
			CreateAndSetChildDomain (19ms)
		EndReloadAssembly (1189ms)
			LoadAssemblies (107ms)
			RebuildTransferFunctionScriptingTraits (0ms)
			SetupTypeCache (289ms)
			ReleaseScriptCaches (1ms)
			RebuildScriptCaches (74ms)
			SetupLoadedEditorAssemblies (699ms)
				LogAssemblyErrors (0ms)
				InitializePlatformSupportModulesInManaged (4ms)
				SetLoadedEditorAssemblies (0ms)
				RefreshPlugins (137ms)
				BeforeProcessingInitializeOnLoad (130ms)
				ProcessInitializeOnLoadAttributes (253ms)
				ProcessInitializeOnLoadMethodAttributes (167ms)
				AfterProcessingInitializeOnLoad (9ms)
				EditorAssembliesLoaded (0ms)
			ExecutionOrderSort2 (0ms)
			AwakeInstancesAfterBackupRestoration (5ms)
Platform modules already initialized, skipping
========================================================================
Worker process is ready to serve import requests
Launched and connected shader compiler UnityShaderCompiler.exe after 0.04 seconds
Refreshing native plugins compatible for Editor in 1.08 ms, found 3 plugins.
Preloading 0 native plugins for Editor in 0.00 ms.
Unloading 5936 Unused Serialized files (Serialized files now loaded: 0)
Unloading 53 unused Assets / (3.9 MB). Loaded Objects now: 6371.
Memory consumption went from 274.9 MB to 271.0 MB.
Total: 4.062900 ms (FindLiveObjects: 0.537700 ms CreateObjectMapping: 0.166600 ms MarkObjects: 2.467400 ms  DeleteObjects: 0.890300 ms)

AssetImportParameters requested are different than current active one (requested -> active):
  custom:video-decoder-ogg-theora: a1e56fd34408186e4bbccfd4996cb3dc -> 
  custom:container-muxer-webm: aa71ff27fc2769a1b78a27578f13a17b -> 
  custom:container-demuxer-webm: 4f35f7cbe854078d1ac9338744f61a02 -> 
  custom:video-encoder-webm-vp8: eb34c28f22e8b96e1ab97ce403110664 -> 
  custom:audio-encoder-webm-vorbis: bf7c407c2cedff20999df2af8eb42d56 -> 
  custom:framework-win-MediaFoundation: 216162199b28c13a410421893ffa2e32 -> 
  custom:container-demuxer-ogg: 62fdf1f143b41e24485cea50d1cbac27 -> 
  custom:video-decoder-webm-vp8: 9c59270c3fd7afecdb556c50c9e8de78 -> 
  custom:audio-decoder-ogg-vorbis: bf7c407c2cedff20999df2af8eb42d56 -> 
========================================================================
Received Import Request.
  Time since last request: 92768.908730 seconds.
  path: Assets/Textures/Test Scene Mat/New Lighting Settings.lighting
  artifactKey: Guid(831fbf1ba58836346836b132c34c33eb) Importer(815301076,1909f56bfc062723c751e8b465ee728b)
Start importing Assets/Textures/Test Scene Mat/New Lighting Settings.lighting using Guid(831fbf1ba58836346836b132c34c33eb) Importer(815301076,1909f56bfc062723c751e8b465ee728b)  -> (artifact id: '1515f9a630696a4c65f57fbf8a7061fc') in 0.039182 seconds 
========================================================================
Received Import Request.
  Time since last request: 55.678499 seconds.
  path: Assets/HDRPDefaultResources/FoliageDiffusionProfile.asset
  artifactKey: Guid(d07b32a80ec1a85418ba78f4ef0f40bf) Importer(2089858483,0ecaa5967403d082aa24f35e1b516d23)
Start importing Assets/HDRPDefaultResources/FoliageDiffusionProfile.asset using Guid(d07b32a80ec1a85418ba78f4ef0f40bf) Importer(2089858483,0ecaa5967403d082aa24f35e1b516d23) Generated GUIDs only implemented for interfaces!
 -> (artifact id: '99acb6ef5fa30d383fd5e472879d9fe5') in 0.108293 seconds 
========================================================================
Received Import Request.
  Time since last request: 0.000029 seconds.
  path: Assets/RoomPieces/Concrete_WideWall2.fbx
  artifactKey: Guid(1115f9052d9fb394da782027ad333fb9) Importer(2089858483,0ecaa5967403d082aa24f35e1b516d23)
Start importing Assets/RoomPieces/Concrete_WideWall2.fbx using Guid(1115f9052d9fb394da782027ad333fb9) Importer(2089858483,0ecaa5967403d082aa24f35e1b516d23) Generated GUIDs only implemented for interfaces!
 -> (artifact id: '328a926526ea2534b0765db928b1b8c2') in 0.128960 seconds 
========================================================================
Received Import Request.
  Time since last request: 0.000034 seconds.
  path: Assets/Audio/floorSounds/Default/Steps_floor-019.ogg
  artifactKey: Guid(c6f948fcaca9dcd459b7cd48f1280808) Importer(2089858483,0ecaa5967403d082aa24f35e1b516d23)
Start importing Assets/Audio/floorSounds/Default/Steps_floor-019.ogg using Guid(c6f948fcaca9dcd459b7cd48f1280808) Importer(2089858483,0ecaa5967403d082aa24f35e1b516d23) Generated GUIDs only implemented for interfaces!
 -> (artifact id: '00c2c5345e1544143206e2744437fd08') in 0.103038 seconds 
========================================================================
Received Import Request.
  Time since last request: 0.000017 seconds.
  path: Assets/Shaders/New HDRenderPipelineAsset.asset
  artifactKey: Guid(6f0a0e1bf44345f4d8c0bb2170794ee1) Importer(2089858483,0ecaa5967403d082aa24f35e1b516d23)
Start importing Assets/Shaders/New HDRenderPipelineAsset.asset using Guid(6f0a0e1bf44345f4d8c0bb2170794ee1) Importer(2089858483,0ecaa5967403d082aa24f35e1b516d23) Generated GUIDs only implemented for interfaces!
 -> (artifact id: '4572ee234038fa3bf3dccb08868bbe25') in 0.053730 seconds 
========================================================================
Received Import Request.
  Time since last request: 0.000022 seconds.
  path: Assets/Audio/floorSounds/Gravel/Steps_gravel-010.ogg
  artifactKey: Guid(696f773049af0e540af2c29d8fab5281) Importer(2089858483,0ecaa5967403d082aa24f35e1b516d23)
Start importing Assets/Audio/floorSounds/Gravel/Steps_gravel-010.ogg using Guid(696f773049af0e540af2c29d8fab5281) Importer(2089858483,0ecaa5967403d082aa24f35e1b516d23) Generated GUIDs only implemented for interfaces!
 -> (artifact id: 'ae8f577781b6eaf889fe95bffc615287') in 0.062810 seconds 
========================================================================
Received Import Request.
  Time since last request: 0.000024 seconds.
  path: Assets/RoomPieces/Concrete_DoorWall.fbx
  artifactKey: Guid(0a1cd5d0fed0d114a848e2560a630e1b) Importer(2089858483,0ecaa5967403d082aa24f35e1b516d23)
Start importing Assets/RoomPieces/Concrete_DoorWall.fbx using Guid(0a1cd5d0fed0d114a848e2560a630e1b) Importer(2089858483,0ecaa5967403d082aa24f35e1b516d23) Generated GUIDs only implemented for interfaces!
 -> (artifact id: '28d8dcf149a448ec0c80fbee6541101f') in 0.070891 seconds 
========================================================================
Received Import Request.
  Time since last request: 0.000033 seconds.
  path: Assets/Audio/floorSounds/Default/Steps_floor-008.ogg
  artifactKey: Guid(987710596fb9c674b9ba56b2704d8761) Importer(2089858483,0ecaa5967403d082aa24f35e1b516d23)
Start importing Assets/Audio/floorSounds/Default/Steps_floor-008.ogg using Guid(987710596fb9c674b9ba56b2704d8761) Importer(2089858483,0ecaa5967403d082aa24f35e1b516d23) Generated GUIDs only implemented for interfaces!
 -> (artifact id: '977a4de0c2f66e28c8eea88c1c3d37ce') in 0.072437 seconds 
========================================================================
Received Import Request.
  Time since last request: 0.000022 seconds.
  path: Assets/Mats/Test Scene Mat/New Material.mat
  artifactKey: Guid(c86fa0481aa7c484e95b7f0aabedd39a) Importer(2089858483,0ecaa5967403d082aa24f35e1b516d23)
Start importing Assets/Mats/Test Scene Mat/New Material.mat using Guid(c86fa0481aa7c484e95b7f0aabedd39a) Importer(2089858483,0ecaa5967403d082aa24f35e1b516d23) Generated GUIDs only implemented for interfaces!
 -> (artifact id: '411aa8821f97158be2b644e7bc723f8f') in 0.018661 seconds 
========================================================================
Received Import Request.
  Time since last request: 0.000023 seconds.
  path: Assets/Audio/floorSounds/Default/Steps_floor-011.ogg
  artifactKey: Guid(1995a2c28d566e044ae1a3a7d94cb745) Importer(2089858483,0ecaa5967403d082aa24f35e1b516d23)
Start importing Assets/Audio/floorSounds/Default/Steps_floor-011.ogg using Guid(1995a2c28d566e044ae1a3a7d94cb745) Importer(2089858483,0ecaa5967403d082aa24f35e1b516d23) Generated GUIDs only implemented for interfaces!
 -> (artifact id: '86122bf161a85de9306bc9730bf72443') in 0.062742 seconds 
========================================================================
Received Import Request.
  Time since last request: 0.000021 seconds.
  path: Assets/Audio/floorSounds/Gravel/Steps_gravel-005.ogg
  artifactKey: Guid(dcea8d56a0adf3e498c8087ec1bdf632) Importer(2089858483,0ecaa5967403d082aa24f35e1b516d23)
Start importing Assets/Audio/floorSounds/Gravel/Steps_gravel-005.ogg using Guid(dcea8d56a0adf3e498c8087ec1bdf632) Importer(2089858483,0ecaa5967403d082aa24f35e1b516d23) Generated GUIDs only implemented for interfaces!
 -> (artifact id: 'c34ea521ef632fe6e6537a615e1e89da') in 0.064367 seconds 
========================================================================
Received Import Request.
  Time since last request: 0.000021 seconds.
  path: Assets/Shaders/MetalShader.shadergraph
  artifactKey: Guid(6e6a6d9b2b26ccd4a99dacfdf095d0bf) Importer(2089858483,0ecaa5967403d082aa24f35e1b516d23)
Start importing Assets/Shaders/MetalShader.shadergraph using Guid(6e6a6d9b2b26ccd4a99dacfdf095d0bf) Importer(2089858483,0ecaa5967403d082aa24f35e1b516d23) Generated GUIDs only implemented for interfaces!
 -> (artifact id: '332c36e3ef2aa9f3cc78abc30b920f14') in 0.041428 seconds 
========================================================================
Received Import Request.
  Time since last request: 0.000041 seconds.
  path: Assets/Audio/floorSounds/Default/Steps_floor-005.ogg
  artifactKey: Guid(46a9c3888038f4d4d9cd175eba4fe541) Importer(2089858483,0ecaa5967403d082aa24f35e1b516d23)
Start importing Assets/Audio/floorSounds/Default/Steps_floor-005.ogg using Guid(46a9c3888038f4d4d9cd175eba4fe541) Importer(2089858483,0ecaa5967403d082aa24f35e1b516d23) Generated GUIDs only implemented for interfaces!
 -> (artifact id: '184abc82d3d3fc7dfa063ed8aec2cc96') in 0.070955 seconds 
========================================================================
Received Import Request.
  Time since last request: 0.000023 seconds.
  path: Assets/Audio/floorSounds/Gravel/Steps_gravel-009.ogg
  artifactKey: Guid(32fbca6c7d1cb7b4399c8b3be80bafd5) Importer(2089858483,0ecaa5967403d082aa24f35e1b516d23)
Start importing Assets/Audio/floorSounds/Gravel/Steps_gravel-009.ogg using Guid(32fbca6c7d1cb7b4399c8b3be80bafd5) Importer(2089858483,0ecaa5967403d082aa24f35e1b516d23) Generated GUIDs only implemented for interfaces!
 -> (artifact id: '12fd42d0dc1da3d82daef52b4cd3d200') in 0.063340 seconds 
========================================================================
Received Import Request.
  Time since last request: 0.000032 seconds.
  path: Assets/Audio/floorSounds/Tiles/Steps_tiles-002.ogg
  artifactKey: Guid(493acc88250a0cc4286eab6aee713fb8) Importer(2089858483,0ecaa5967403d082aa24f35e1b516d23)
Start importing Assets/Audio/floorSounds/Tiles/Steps_tiles-002.ogg using Guid(493acc88250a0cc4286eab6aee713fb8) Importer(2089858483,0ecaa5967403d082aa24f35e1b516d23) Generated GUIDs only implemented for interfaces!
 -> (artifact id: 'b8c3c00e53a0852c373d2ebba4340941') in 0.062469 seconds 
========================================================================
Received Import Request.
  Time since last request: 0.000028 seconds.
  path: Assets/Audio/floorSounds/Wood/Steps_wood-020.ogg
  artifactKey: Guid(3ec361498c321014daf4c654e430d097) Importer(2089858483,0ecaa5967403d082aa24f35e1b516d23)
Start importing Assets/Audio/floorSounds/Wood/Steps_wood-020.ogg using Guid(3ec361498c321014daf4c654e430d097) Importer(2089858483,0ecaa5967403d082aa24f35e1b516d23) Generated GUIDs only implemented for interfaces!
 -> (artifact id: 'c60e9ae52389fec40baf7a4805b0931f') in 0.061326 seconds 
========================================================================
Received Import Request.
  Time since last request: 0.000035 seconds.
  path: Assets/Audio/floorSounds/Wood/Steps_wood-007.ogg
  artifactKey: Guid(7effd075c4e61704690a23adee097f70) Importer(2089858483,0ecaa5967403d082aa24f35e1b516d23)
Start importing Assets/Audio/floorSounds/Wood/Steps_wood-007.ogg using Guid(7effd075c4e61704690a23adee097f70) Importer(2089858483,0ecaa5967403d082aa24f35e1b516d23) Generated GUIDs only implemented for interfaces!
 -> (artifact id: '6b384f5f06b6d1aa7f377652fec0cebf') in 0.072772 seconds 
========================================================================
Received Import Request.
  Time since last request: 0.000020 seconds.
  path: Assets/Audio/floorSounds/Gravel/Steps_gravel-019.ogg
  artifactKey: Guid(b61fa24e8a24350439256dc612bed1d5) Importer(2089858483,0ecaa5967403d082aa24f35e1b516d23)
Start importing Assets/Audio/floorSounds/Gravel/Steps_gravel-019.ogg using Guid(b61fa24e8a24350439256dc612bed1d5) Importer(2089858483,0ecaa5967403d082aa24f35e1b516d23) Generated GUIDs only implemented for interfaces!
 -> (artifact id: 'e4ffa1fcc836eac4bcc8b64a8521d986') in 0.062047 seconds 
========================================================================
Received Import Request.
  Time since last request: 0.000021 seconds.
  path: Assets/Audio/floorSounds/Gravel/Steps_gravel-011.ogg
  artifactKey: Guid(e3358ecf4f5ad9a4b9739c16671585e7) Importer(2089858483,0ecaa5967403d082aa24f35e1b516d23)
Start importing Assets/Audio/floorSounds/Gravel/Steps_gravel-011.ogg using Guid(e3358ecf4f5ad9a4b9739c16671585e7) Importer(2089858483,0ecaa5967403d082aa24f35e1b516d23) Generated GUIDs only implemented for interfaces!
 -> (artifact id: 'c599628117a92ef8c086388105e5d274') in 0.061455 seconds 
========================================================================
Received Import Request.
  Time since last request: 0.000021 seconds.
  path: Assets/Audio/floorSounds/Tiles/Steps_tiles-005.ogg
  artifactKey: Guid(d4c561522f3d156448e3e7a5947100ea) Importer(2089858483,0ecaa5967403d082aa24f35e1b516d23)
Start importing Assets/Audio/floorSounds/Tiles/Steps_tiles-005.ogg using Guid(d4c561522f3d156448e3e7a5947100ea) Importer(2089858483,0ecaa5967403d082aa24f35e1b516d23) Generated GUIDs only implemented for interfaces!
 -> (artifact id: '1bdc910c46d751bab8db893fe3cb7034') in 0.062485 seconds 
========================================================================
Received Import Request.
  Time since last request: 0.000036 seconds.
  path: Assets/Animators/Medbox/medbox.controller
  artifactKey: Guid(f79e0c85bb456164f8d45852cdb92646) Importer(2089858483,0ecaa5967403d082aa24f35e1b516d23)
Start importing Assets/Animators/Medbox/medbox.controller using Guid(f79e0c85bb456164f8d45852cdb92646) Importer(2089858483,0ecaa5967403d082aa24f35e1b516d23) Generated GUIDs only implemented for interfaces!
 -> (artifact id: '909fcb20d260bf6036e4f03b8345accd') in 0.018464 seconds 
========================================================================
Received Import Request.
  Time since last request: 0.000020 seconds.
  path: Assets/RoomPieces/Concrete_SqWall2.fbx
  artifactKey: Guid(8db45accc95dc5e4db3b65ed1185f447) Importer(2089858483,0ecaa5967403d082aa24f35e1b516d23)
Start importing Assets/RoomPieces/Concrete_SqWall2.fbx using Guid(8db45accc95dc5e4db3b65ed1185f447) Importer(2089858483,0ecaa5967403d082aa24f35e1b516d23) Generated GUIDs only implemented for interfaces!
 -> (artifact id: '7664670c1b98f9bf37f877d6659a2e1c') in 0.056008 seconds 
========================================================================
Received Import Request.
  Time since last request: 0.000023 seconds.
  path: Assets/Audio/floorSounds/Default/Steps_floor-002.ogg
  artifactKey: Guid(140fb25b79bf4ac44875451789982e50) Importer(2089858483,0ecaa5967403d082aa24f35e1b516d23)
Start importing Assets/Audio/floorSounds/Default/Steps_floor-002.ogg using Guid(140fb25b79bf4ac44875451789982e50) Importer(2089858483,0ecaa5967403d082aa24f35e1b516d23) Generated GUIDs only implemented for interfaces!
 -> (artifact id: '2b8fa40692ebecf2e5bc6c3de3f0a3fc') in 0.062474 seconds 
========================================================================
Received Import Request.
  Time since last request: 0.000023 seconds.
  path: Assets/Audio/floorSounds/Default/Steps_floor-010.ogg
  artifactKey: Guid(c93723294e564ee48a7cefb1557cc414) Importer(2089858483,0ecaa5967403d082aa24f35e1b516d23)
Start importing Assets/Audio/floorSounds/Default/Steps_floor-010.ogg using Guid(c93723294e564ee48a7cefb1557cc414) Importer(2089858483,0ecaa5967403d082aa24f35e1b516d23) Generated GUIDs only implemented for interfaces!
 -> (artifact id: 'f34bd19d5e810e9388658b8cce63bbcd') in 0.064122 seconds 
========================================================================
Received Import Request.
  Time since last request: 0.000032 seconds.
  path: Assets/Textures/wood.jpg
  artifactKey: Guid(5eb6fcda1e12f634cb4a58276215a2b1) Importer(2089858483,0ecaa5967403d082aa24f35e1b516d23)
Start importing Assets/Textures/wood.jpg using Guid(5eb6fcda1e12f634cb4a58276215a2b1) Importer(2089858483,0ecaa5967403d082aa24f35e1b516d23) Generated GUIDs only implemented for interfaces!
 -> (artifact id: 'd1a38d10ade8b54e5659a0553dee36a8') in 0.055130 seconds 
========================================================================
Received Import Request.
  Time since last request: 0.000032 seconds.
  path: Assets/RoomPieces/Concrete_Overhead.fbx
  artifactKey: Guid(383fd3f70e8ada34dbb2c3b7b6937568) Importer(2089858483,0ecaa5967403d082aa24f35e1b516d23)
Start importing Assets/RoomPieces/Concrete_Overhead.fbx using Guid(383fd3f70e8ada34dbb2c3b7b6937568) Importer(2089858483,0ecaa5967403d082aa24f35e1b516d23) Generated GUIDs only implemented for interfaces!
 -> (artifact id: '53ec32c22eadedddd6e7c82732004a00') in 0.032150 seconds 
========================================================================
Received Import Request.
  Time since last request: 0.000028 seconds.
  path: Assets/HDRPDefaultResources/SkinDiffusionProfile.asset
  artifactKey: Guid(fd8a7b89ece96ae4fb8c714a4fbc2ffa) Importer(2089858483,0ecaa5967403d082aa24f35e1b516d23)
Start importing Assets/HDRPDefaultResources/SkinDiffusionProfile.asset using Guid(fd8a7b89ece96ae4fb8c714a4fbc2ffa) Importer(2089858483,0ecaa5967403d082aa24f35e1b516d23) Generated GUIDs only implemented for interfaces!
 -> (artifact id: '1ca8849115164c131dec369c8ecc0dd7') in 0.011138 seconds 
========================================================================
Received Import Request.
  Time since last request: 0.000022 seconds.
  path: Assets/Audio/floorSounds/Gravel/Steps_gravel-021.ogg
  artifactKey: Guid(547923d8a461ff7468a9de3dcbb25a7d) Importer(2089858483,0ecaa5967403d082aa24f35e1b516d23)
Start importing Assets/Audio/floorSounds/Gravel/Steps_gravel-021.ogg using Guid(547923d8a461ff7468a9de3dcbb25a7d) Importer(2089858483,0ecaa5967403d082aa24f35e1b516d23) Generated GUIDs only implemented for interfaces!
 -> (artifact id: '73008df03409b8c7bb7ccb43ec8ca5a9') in 0.065680 seconds 
========================================================================
Received Import Request.
  Time since last request: 0.000020 seconds.
  path: Assets/Scenes/SampleScene.unity
  artifactKey: Guid(9fc0d4010bbf28b4594072e72b8655ab) Importer(2089858483,0ecaa5967403d082aa24f35e1b516d23)
Start importing Assets/Scenes/SampleScene.unity using Guid(9fc0d4010bbf28b4594072e72b8655ab) Importer(2089858483,0ecaa5967403d082aa24f35e1b516d23) Generated GUIDs only implemented for interfaces!
 -> (artifact id: 'f1881e7629e595aafed573a33366c538') in 0.010453 seconds 
========================================================================
Received Import Request.
  Time since last request: 0.000031 seconds.
  path: Assets/Audio/floorSounds/Wood/Steps_wood-015.ogg
  artifactKey: Guid(31114af4ca612fe488ac28f3154d0937) Importer(2089858483,0ecaa5967403d082aa24f35e1b516d23)
Start importing Assets/Audio/floorSounds/Wood/Steps_wood-015.ogg using Guid(31114af4ca612fe488ac28f3154d0937) Importer(2089858483,0ecaa5967403d082aa24f35e1b516d23) Generated GUIDs only implemented for interfaces!
 -> (artifact id: '93154efe4010741a45c76c8c169a7518') in 0.065186 seconds 
========================================================================
Received Import Request.
  Time since last request: 0.000027 seconds.
  path: Assets/Audio/floorSounds/Tiles/Steps_tiles-011.ogg
  artifactKey: Guid(ee06b66c342d8de43a57de52f7c7c4b8) Importer(2089858483,0ecaa5967403d082aa24f35e1b516d23)
Start importing Assets/Audio/floorSounds/Tiles/Steps_tiles-011.ogg using Guid(ee06b66c342d8de43a57de52f7c7c4b8) Importer(2089858483,0ecaa5967403d082aa24f35e1b516d23) Generated GUIDs only implemented for interfaces!
 -> (artifact id: 'a1627f500d561ba0e009b5b2a1fc27d6') in 0.085440 seconds 
========================================================================
Received Import Request.
  Time since last request: 0.000034 seconds.
  path: Assets/Audio/floorSounds/Wood/Steps_wood-002.ogg
  artifactKey: Guid(2019591081a673e48967ec94e16701fa) Importer(2089858483,0ecaa5967403d082aa24f35e1b516d23)
Start importing Assets/Audio/floorSounds/Wood/Steps_wood-002.ogg using Guid(2019591081a673e48967ec94e16701fa) Importer(2089858483,0ecaa5967403d082aa24f35e1b516d23) Generated GUIDs only implemented for interfaces!
 -> (artifact id: '7ad74bd806781478fb0d927a395646ed') in 0.067906 seconds 
========================================================================
Received Import Request.
  Time since last request: 0.000020 seconds.
  path: Assets/Audio/floorSounds/Gravel/Steps_gravel-001.ogg
  artifactKey: Guid(2f3271cb437706d46b460f2413e59ef6) Importer(2089858483,0ecaa5967403d082aa24f35e1b516d23)
Start importing Assets/Audio/floorSounds/Gravel/Steps_gravel-001.ogg using Guid(2f3271cb437706d46b460f2413e59ef6) Importer(2089858483,0ecaa5967403d082aa24f35e1b516d23) Generated GUIDs only implemented for interfaces!
 -> (artifact id: 'fdf11de09a650db79cbe0f14043ac025') in 0.063907 seconds 
========================================================================
Received Import Request.
  Time since last request: 0.000021 seconds.
  path: Assets/Audio/floorSounds/Wood/Steps_wood-021.ogg
  artifactKey: Guid(e8a2de7a0dd7a7b4e83b3a160488a39c) Importer(2089858483,0ecaa5967403d082aa24f35e1b516d23)
Start importing Assets/Audio/floorSounds/Wood/Steps_wood-021.ogg using Guid(e8a2de7a0dd7a7b4e83b3a160488a39c) Importer(2089858483,0ecaa5967403d082aa24f35e1b516d23) Generated GUIDs only implemented for interfaces!
 -> (artifact id: '318b3ca6922fa451a3b3451e2429de59') in 0.062995 seconds 
========================================================================
Received Import Request.
  Time since last request: 0.000022 seconds.
  path: Assets/Mats/Test Scene Mat/Concrete 2.mat
  artifactKey: Guid(4a1807dce78a2104ab06cbc194505a90) Importer(2089858483,0ecaa5967403d082aa24f35e1b516d23)
Start importing Assets/Mats/Test Scene Mat/Concrete 2.mat using Guid(4a1807dce78a2104ab06cbc194505a90) Importer(2089858483,0ecaa5967403d082aa24f35e1b516d23) Generated GUIDs only implemented for interfaces!
 -> (artifact id: '4577f3cf1eb7b55bba59bdef84ba66d1') in 0.031611 seconds 
========================================================================
Received Import Request.
  Time since last request: 0.000030 seconds.
  path: Assets/Audio/floorSounds/Wood/Steps_wood-009.ogg
  artifactKey: Guid(edbc45c41e6c4234da3ba8008c84be09) Importer(2089858483,0ecaa5967403d082aa24f35e1b516d23)
Start importing Assets/Audio/floorSounds/Wood/Steps_wood-009.ogg using Guid(edbc45c41e6c4234da3ba8008c84be09) Importer(2089858483,0ecaa5967403d082aa24f35e1b516d23) Generated GUIDs only implemented for interfaces!
 -> (artifact id: 'a898a7749ab45bd00c90248f3bdd1a81') in 0.065365 seconds 
========================================================================
Received Import Request.
  Time since last request: 0.000025 seconds.
  path: Assets/Audio/floorSounds/Tiles/Steps_tiles-015.ogg
  artifactKey: Guid(fe3229ee2bcf1304e9d6320f0e96e8cd) Importer(2089858483,0ecaa5967403d082aa24f35e1b516d23)
Start importing Assets/Audio/floorSounds/Tiles/Steps_tiles-015.ogg using Guid(fe3229ee2bcf1304e9d6320f0e96e8cd) Importer(2089858483,0ecaa5967403d082aa24f35e1b516d23) Generated GUIDs only implemented for interfaces!
 -> (artifact id: '8623af09165151f5336169d5ecaf30cb') in 0.072252 seconds 
========================================================================
Received Import Request.
  Time since last request: 0.000029 seconds.
  path: Assets/Scenes/ObjTest/LightingData.asset
  artifactKey: Guid(974e80ae21449b44ebf4fd9b76d1c8e1) Importer(2089858483,0ecaa5967403d082aa24f35e1b516d23)
Start importing Assets/Scenes/ObjTest/LightingData.asset using Guid(974e80ae21449b44ebf4fd9b76d1c8e1) Importer(2089858483,0ecaa5967403d082aa24f35e1b516d23) Generated GUIDs only implemented for interfaces!
 -> (artifact id: '28c67a338926b38024b6c479c93448c2') in 0.012177 seconds 
========================================================================
Received Import Request.
  Time since last request: 0.000022 seconds.
  path: Assets/Audio/floorSounds/Wood/Steps_wood-010.ogg
  artifactKey: Guid(9ff571b14bb506241aac6caba0f50677) Importer(2089858483,0ecaa5967403d082aa24f35e1b516d23)
Start importing Assets/Audio/floorSounds/Wood/Steps_wood-010.ogg using Guid(9ff571b14bb506241aac6caba0f50677) Importer(2089858483,0ecaa5967403d082aa24f35e1b516d23) Generated GUIDs only implemented for interfaces!
 -> (artifact id: 'b8499deb5f6d438110ff54e97fb1d823') in 0.067341 seconds 
========================================================================
Received Import Request.
  Time since last request: 0.000027 seconds.
  path: Assets/Audio/floorSounds/Default/Steps_floor-012.ogg
  artifactKey: Guid(4bae8b41ee253fc42b7ff6253ef849d9) Importer(2089858483,0ecaa5967403d082aa24f35e1b516d23)
Start importing Assets/Audio/floorSounds/Default/Steps_floor-012.ogg using Guid(4bae8b41ee253fc42b7ff6253ef849d9) Importer(2089858483,0ecaa5967403d082aa24f35e1b516d23) Generated GUIDs only implemented for interfaces!
 -> (artifact id: '0cf1332289bd1833c814a9856ee30f4a') in 0.067817 seconds 
========================================================================
Received Import Request.
  Time since last request: 0.000034 seconds.
  path: Assets/Audio/floorSounds/Default/Steps_floor-015.ogg
  artifactKey: Guid(d3acb56d72a30a642bfcaf418eaadc90) Importer(2089858483,0ecaa5967403d082aa24f35e1b516d23)
Start importing Assets/Audio/floorSounds/Default/Steps_floor-015.ogg using Guid(d3acb56d72a30a642bfcaf418eaadc90) Importer(2089858483,0ecaa5967403d082aa24f35e1b516d23) Generated GUIDs only implemented for interfaces!
 -> (artifact id: 'b1200544c7839018bdd9d0753cebf8cd') in 0.068843 seconds 
========================================================================
Received Import Request.
  Time since last request: 0.000025 seconds.
  path: Assets/Scripts/Test.cs
  artifactKey: Guid(98e290b5c70d1b049b69efa8e6429204) Importer(2089858483,0ecaa5967403d082aa24f35e1b516d23)
Start importing Assets/Scripts/Test.cs using Guid(98e290b5c70d1b049b69efa8e6429204) Importer(2089858483,0ecaa5967403d082aa24f35e1b516d23) Generated GUIDs only implemented for interfaces!
 -> (artifact id: '4e5d75bc83206281b233c52a17de88e6') in 0.014313 seconds 
========================================================================
Received Import Request.
  Time since last request: 0.000021 seconds.
  path: Assets/Audio/floorSounds/Tiles/Steps_tiles-001.ogg
  artifactKey: Guid(965ff89319e405c49babe13a46ae0ebb) Importer(2089858483,0ecaa5967403d082aa24f35e1b516d23)
Start importing Assets/Audio/floorSounds/Tiles/Steps_tiles-001.ogg using Guid(965ff89319e405c49babe13a46ae0ebb) Importer(2089858483,0ecaa5967403d082aa24f35e1b516d23) Generated GUIDs only implemented for interfaces!
 -> (artifact id: 'd0a2233f1d5875a5ca5911f96ea28675') in 0.065250 seconds 
========================================================================
Received Import Request.
  Time since last request: 0.000033 seconds.
  path: Assets/Audio/floorSounds/Default/Steps_floor-007.ogg
  artifactKey: Guid(7a79ad75d8376ea4da9b680d78f576c5) Importer(2089858483,0ecaa5967403d082aa24f35e1b516d23)
Start importing Assets/Audio/floorSounds/Default/Steps_floor-007.ogg using Guid(7a79ad75d8376ea4da9b680d78f576c5) Importer(2089858483,0ecaa5967403d082aa24f35e1b516d23) Generated GUIDs only implemented for interfaces!
 -> (artifact id: 'ee170b380e3d6ddf987f4996c0f3f3ec') in 0.073135 seconds 
========================================================================
Received Import Request.
  Time since last request: 0.000030 seconds.
  path: Assets/Audio/floorSounds/Gravel/Steps_gravel-020.ogg
  artifactKey: Guid(55f0880c64416bd41a12e67e3472a996) Importer(2089858483,0ecaa5967403d082aa24f35e1b516d23)
Start importing Assets/Audio/floorSounds/Gravel/Steps_gravel-020.ogg using Guid(55f0880c64416bd41a12e67e3472a996) Importer(2089858483,0ecaa5967403d082aa24f35e1b516d23) Generated GUIDs only implemented for interfaces!
 -> (artifact id: '6088d8eeff0f3f6c25833be82c6597c5') in 0.066209 seconds 
========================================================================
Received Import Request.
  Time since last request: 0.000032 seconds.
  path: Assets/Audio/floorSounds/Default/Steps_floor-021.ogg
  artifactKey: Guid(7ff835aeae6b36a41a89351db4151bc5) Importer(2089858483,0ecaa5967403d082aa24f35e1b516d23)
Start importing Assets/Audio/floorSounds/Default/Steps_floor-021.ogg using Guid(7ff835aeae6b36a41a89351db4151bc5) Importer(2089858483,0ecaa5967403d082aa24f35e1b516d23) Generated GUIDs only implemented for interfaces!
 -> (artifact id: 'd8d53a377ff6e688a498d377d5b4951c') in 0.064287 seconds 
========================================================================
Received Import Request.
  Time since last request: 0.000031 seconds.
  path: Assets/Textures/medbox.jpg
  artifactKey: Guid(7406a90613383924d8d24ea6c6452a93) Importer(2089858483,0ecaa5967403d082aa24f35e1b516d23)
Start importing Assets/Textures/medbox.jpg using Guid(7406a90613383924d8d24ea6c6452a93) Importer(2089858483,0ecaa5967403d082aa24f35e1b516d23) Generated GUIDs only implemented for interfaces!
 -> (artifact id: '3b12a1eaa08c253cde96859239861c1e') in 0.018250 seconds 
========================================================================
Received Import Request.
  Time since last request: 0.000024 seconds.
  path: Assets/Audio/floorSounds/Tiles/Steps_tiles-022.ogg
  artifactKey: Guid(1a75e6dcf8607a7489c0372e60cb8b5b) Importer(2089858483,0ecaa5967403d082aa24f35e1b516d23)
Start importing Assets/Audio/floorSounds/Tiles/Steps_tiles-022.ogg using Guid(1a75e6dcf8607a7489c0372e60cb8b5b) Importer(2089858483,0ecaa5967403d082aa24f35e1b516d23) Generated GUIDs only implemented for interfaces!
 -> (artifact id: 'a355634a47fdbd1a3f11e2733444ce4e') in 0.063345 seconds 
========================================================================
Received Import Request.
  Time since last request: 0.000026 seconds.
  path: Assets/Audio/floorSounds/Tiles/Steps_tiles-020.ogg
  artifactKey: Guid(528dd28d5f706a943afc33888340f7cb) Importer(2089858483,0ecaa5967403d082aa24f35e1b516d23)
Start importing Assets/Audio/floorSounds/Tiles/Steps_tiles-020.ogg using Guid(528dd28d5f706a943afc33888340f7cb) Importer(2089858483,0ecaa5967403d082aa24f35e1b516d23) Generated GUIDs only implemented for interfaces!
 -> (artifact id: '67e5b72043062b5a37b589089dfbe8a7') in 0.068179 seconds 
========================================================================
Received Import Request.
  Time since last request: 0.000024 seconds.
  path: Assets/Textures/Test Scene Mat/Test Black.mat
  artifactKey: Guid(04fbab7dc2c3e7840a51d96511c0978b) Importer(2089858483,0ecaa5967403d082aa24f35e1b516d23)
Start importing Assets/Textures/Test Scene Mat/Test Black.mat using Guid(04fbab7dc2c3e7840a51d96511c0978b) Importer(2089858483,0ecaa5967403d082aa24f35e1b516d23) Generated GUIDs only implemented for interfaces!
 -> (artifact id: '477f5ccf2703d101cd93f31bb5fe702d') in 0.019000 seconds 
========================================================================
Received Import Request.
  Time since last request: 0.000038 seconds.
  path: Assets/Textures/WideConcrete2.jpg
  artifactKey: Guid(8c758c5a069573540a65cc391fc43d6f) Importer(2089858483,0ecaa5967403d082aa24f35e1b516d23)
Start importing Assets/Textures/WideConcrete2.jpg using Guid(8c758c5a069573540a65cc391fc43d6f) Importer(2089858483,0ecaa5967403d082aa24f35e1b516d23) Generated GUIDs only implemented for interfaces!
 -> (artifact id: '0da7856e1c70716e55e01f4be2ef9ec4') in 0.025910 seconds 
========================================================================
Received Import Request.
  Time since last request: 0.000025 seconds.
  path: Assets/Audio/floorSounds/Gravel/Steps_gravel-012.ogg
  artifactKey: Guid(1ac8d48f9860d3a488d832b264e2a44d) Importer(2089858483,0ecaa5967403d082aa24f35e1b516d23)
Start importing Assets/Audio/floorSounds/Gravel/Steps_gravel-012.ogg using Guid(1ac8d48f9860d3a488d832b264e2a44d) Importer(2089858483,0ecaa5967403d082aa24f35e1b516d23) Generated GUIDs only implemented for interfaces!
 -> (artifact id: '820e04fba4a12dd6bcc7cd0d7f740a84') in 0.068013 seconds 
========================================================================
Received Import Request.
  Time since last request: 0.000025 seconds.
  path: Assets/Audio/floorSounds/Wood/Steps_wood-012.ogg
  artifactKey: Guid(6be0fc9508ca174439727e2bb3d95366) Importer(2089858483,0ecaa5967403d082aa24f35e1b516d23)
Start importing Assets/Audio/floorSounds/Wood/Steps_wood-012.ogg using Guid(6be0fc9508ca174439727e2bb3d95366) Importer(2089858483,0ecaa5967403d082aa24f35e1b516d23) Generated GUIDs only implemented for interfaces!
 -> (artifact id: '59ea78c3b5561652cd08957c79bedf0b') in 0.063002 seconds 
========================================================================
Received Import Request.
  Time since last request: 0.000022 seconds.
  path: Assets/Audio/floorSounds/Tiles/Steps_tiles-007.ogg
  artifactKey: Guid(18a59f0cbaf694b42a3344f9224d3dae) Importer(2089858483,0ecaa5967403d082aa24f35e1b516d23)
Start importing Assets/Audio/floorSounds/Tiles/Steps_tiles-007.ogg using Guid(18a59f0cbaf694b42a3344f9224d3dae) Importer(2089858483,0ecaa5967403d082aa24f35e1b516d23) Generated GUIDs only implemented for interfaces!
 -> (artifact id: '485ed0d8678239cf0005cc91da64b803') in 0.066600 seconds 
========================================================================
Received Import Request.
  Time since last request: 0.000030 seconds.
  path: Assets/Mats/Test Scene Mat/Concrete2.jpg
  artifactKey: Guid(07ae3705e727e5c4dbfc205066048010) Importer(2089858483,0ecaa5967403d082aa24f35e1b516d23)
Start importing Assets/Mats/Test Scene Mat/Concrete2.jpg using Guid(07ae3705e727e5c4dbfc205066048010) Importer(2089858483,0ecaa5967403d082aa24f35e1b516d23) Generated GUIDs only implemented for interfaces!
 -> (artifact id: 'dd346a04964d65d5a42057795745bf2a') in 0.033202 seconds 
========================================================================
Received Import Request.
  Time since last request: 0.000033 seconds.
  path: Assets/RoomPieces/Concrete_WideWall2.prefab
  artifactKey: Guid(0ae6c251d8310cd4a973efcdc91f1f83) Importer(2089858483,0ecaa5967403d082aa24f35e1b516d23)
Start importing Assets/RoomPieces/Concrete_WideWall2.prefab using Guid(0ae6c251d8310cd4a973efcdc91f1f83) Importer(2089858483,0ecaa5967403d082aa24f35e1b516d23) Generated GUIDs only implemented for interfaces!
 -> (artifact id: 'bdfa91b34cc1227f592fbafb5e0f87b8') in 0.013470 seconds 
========================================================================
Received Import Request.
  Time since last request: 0.000020 seconds.
  path: Assets/Mats/Test Scene Mat/medbox.mat
  artifactKey: Guid(bdef366c003fa414b892d58f93c16587) Importer(2089858483,0ecaa5967403d082aa24f35e1b516d23)
Start importing Assets/Mats/Test Scene Mat/medbox.mat using Guid(bdef366c003fa414b892d58f93c16587) Importer(2089858483,0ecaa5967403d082aa24f35e1b516d23) Generated GUIDs only implemented for interfaces!
 -> (artifact id: 'ff7afc54512aa9b830133a3fd3861c97') in 0.015447 seconds 
========================================================================
Received Import Request.
  Time since last request: 0.000021 seconds.
  path: Assets/Audio/floorSounds/Gravel/Steps_gravel-013.ogg
  artifactKey: Guid(86efaf39bdaa62c478ce4a2bb66cd176) Importer(2089858483,0ecaa5967403d082aa24f35e1b516d23)
Start importing Assets/Audio/floorSounds/Gravel/Steps_gravel-013.ogg using Guid(86efaf39bdaa62c478ce4a2bb66cd176) Importer(2089858483,0ecaa5967403d082aa24f35e1b516d23) Generated GUIDs only implemented for interfaces!
 -> (artifact id: '502e52c2ba2fd66a980d03bca269e25c') in 0.069664 seconds 
========================================================================
Received Import Request.
  Time since last request: 0.000021 seconds.
  path: Assets/Audio/floorSounds/Tiles/Steps_tiles-008.ogg
  artifactKey: Guid(0bc7714164044934cb08b12da4520c5a) Importer(2089858483,0ecaa5967403d082aa24f35e1b516d23)
Start importing Assets/Audio/floorSounds/Tiles/Steps_tiles-008.ogg using Guid(0bc7714164044934cb08b12da4520c5a) Importer(2089858483,0ecaa5967403d082aa24f35e1b516d23) Generated GUIDs only implemented for interfaces!
 -> (artifact id: 'f2915679f29ca3c1557f75f762a76998') in 0.062409 seconds 
========================================================================
Received Import Request.
  Time since last request: 0.000021 seconds.
  path: Assets/Models/medbox.fbx
  artifactKey: Guid(2b2425b204da3f14ea408d7e97040cda) Importer(2089858483,0ecaa5967403d082aa24f35e1b516d23)
Start importing Assets/Models/medbox.fbx using Guid(2b2425b204da3f14ea408d7e97040cda) Importer(2089858483,0ecaa5967403d082aa24f35e1b516d23) Generated GUIDs only implemented for interfaces!
 -> (artifact id: '0bdf7fcbfa8b9b39981250bbccfccfd8') in 0.055669 seconds 
========================================================================
Received Import Request.
  Time since last request: 0.000020 seconds.
  path: Assets/RoomPieces/Concrete_WideWall.fbx
  artifactKey: Guid(55daabef82b50484c837e8684766f959) Importer(2089858483,0ecaa5967403d082aa24f35e1b516d23)
Start importing Assets/RoomPieces/Concrete_WideWall.fbx using Guid(55daabef82b50484c837e8684766f959) Importer(2089858483,0ecaa5967403d082aa24f35e1b516d23) Generated GUIDs only implemented for interfaces!
 -> (artifact id: '149a0347537912902b8bce2274998544') in 0.014849 seconds 
========================================================================
Received Import Request.
  Time since last request: 0.000032 seconds.
  path: Assets/Mats/Test Scene Mat/Metal.mat
  artifactKey: Guid(d834a9e94ee57774aae587506fbd993e) Importer(2089858483,0ecaa5967403d082aa24f35e1b516d23)
Start importing Assets/Mats/Test Scene Mat/Metal.mat using Guid(d834a9e94ee57774aae587506fbd993e) Importer(2089858483,0ecaa5967403d082aa24f35e1b516d23) Generated GUIDs only implemented for interfaces!
 -> (artifact id: 'a74ed4fc108bf4a5dd953d64b83e7094') in 0.020228 seconds 
========================================================================
Received Import Request.
  Time since last request: 0.000019 seconds.
  path: Assets/Mats/Test Scene Mat/Concrete 1.mat
  artifactKey: Guid(6b2159104d247d04b9e83039b7402177) Importer(2089858483,0ecaa5967403d082aa24f35e1b516d23)
Start importing Assets/Mats/Test Scene Mat/Concrete 1.mat using Guid(6b2159104d247d04b9e83039b7402177) Importer(2089858483,0ecaa5967403d082aa24f35e1b516d23) Generated GUIDs only implemented for interfaces!
 -> (artifact id: '7f89fe02d0d5d07d94f78281dc26b1c6') in 0.036681 seconds 
========================================================================
Received Import Request.
  Time since last request: 0.000045 seconds.
  path: Assets/RoomPieces/Concrete_SqWall2.prefab
  artifactKey: Guid(a63af092457479e4597e312edfa82168) Importer(2089858483,0ecaa5967403d082aa24f35e1b516d23)
Start importing Assets/RoomPieces/Concrete_SqWall2.prefab using Guid(a63af092457479e4597e312edfa82168) Importer(2089858483,0ecaa5967403d082aa24f35e1b516d23) Generated GUIDs only implemented for interfaces!
 -> (artifact id: '3e23cd19408c6cfc8bd1130fe634c0fc') in 0.015304 seconds 
========================================================================
Received Import Request.
  Time since last request: 0.000022 seconds.
  path: Assets/Scripts/MedkitItemPickUp.cs
  artifactKey: Guid(938bb3c4fa4de28478fd7818860e1d92) Importer(2089858483,0ecaa5967403d082aa24f35e1b516d23)
Start importing Assets/Scripts/MedkitItemPickUp.cs using Guid(938bb3c4fa4de28478fd7818860e1d92) Importer(2089858483,0ecaa5967403d082aa24f35e1b516d23) Generated GUIDs only implemented for interfaces!
 -> (artifact id: 'b242bfe1e05c65bd0384657f5bd2de3d') in 0.009595 seconds 
========================================================================
Received Import Request.
  Time since last request: 0.000020 seconds.
  path: Assets/Audio/floorSounds/Tiles/Steps_tiles-018.ogg
  artifactKey: Guid(5beb0c359df8e574f8b5035041b067e2) Importer(2089858483,0ecaa5967403d082aa24f35e1b516d23)
Start importing Assets/Audio/floorSounds/Tiles/Steps_tiles-018.ogg using Guid(5beb0c359df8e574f8b5035041b067e2) Importer(2089858483,0ecaa5967403d082aa24f35e1b516d23) Generated GUIDs only implemented for interfaces!
 -> (artifact id: '4b987a7084d4332e414d18a369e05011') in 0.061359 seconds 
========================================================================
Received Import Request.
  Time since last request: 31.738382 seconds.
  path: Assets/Scenes/ObjTest
  artifactKey: Guid(d9b6dca7a4f4bbf439ac652ad9f6c28a) Importer(815301076,1909f56bfc062723c751e8b465ee728b)
Start importing Assets/Scenes/ObjTest using Guid(d9b6dca7a4f4bbf439ac652ad9f6c28a) Importer(815301076,1909f56bfc062723c751e8b465ee728b)  -> (artifact id: '658c859e9256383de5c619b902ada49e') in 0.007832 seconds 
========================================================================
Received Import Request.
  Time since last request: 0.033743 seconds.
  path: Assets/Scenes/ObjTest/LightingData.asset
  artifactKey: Guid(974e80ae21449b44ebf4fd9b76d1c8e1) Importer(815301076,1909f56bfc062723c751e8b465ee728b)
Start importing Assets/Scenes/ObjTest/LightingData.asset using Guid(974e80ae21449b44ebf4fd9b76d1c8e1) Importer(815301076,1909f56bfc062723c751e8b465ee728b)  -> (artifact id: 'b4576a7646a4f8f5f0305ebded19f3ec') in 0.006692 seconds 
========================================================================
Received Prepare
Refreshing native plugins compatible for Editor in 5.77 ms, found 3 plugins.
Preloading 0 native plugins for Editor in 0.00 ms.
Unloading 47 Unused Serialized files (Serialized files now loaded: 0)
Unloading 47 unused Assets / (3.9 MB). Loaded Objects now: 6372.
Memory consumption went from 146.3 MB to 142.4 MB.
Total: 5.848800 ms (FindLiveObjects: 0.884400 ms CreateObjectMapping: 0.287000 ms MarkObjects: 3.673900 ms  DeleteObjects: 1.002500 ms)

AssetImportParameters requested are different than current active one (requested -> active):
  custom:video-decoder-ogg-theora: a1e56fd34408186e4bbccfd4996cb3dc -> 
  custom:container-muxer-webm: aa71ff27fc2769a1b78a27578f13a17b -> 
  custom:container-demuxer-webm: 4f35f7cbe854078d1ac9338744f61a02 -> 
  custom:video-encoder-webm-vp8: eb34c28f22e8b96e1ab97ce403110664 -> 
  custom:audio-encoder-webm-vorbis: bf7c407c2cedff20999df2af8eb42d56 -> 
  custom:framework-win-MediaFoundation: 216162199b28c13a410421893ffa2e32 -> 
  custom:SearchIndexIgnoredProperties: e643bd26f0fe6173181afceb89e7c659 -> 
  custom:container-demuxer-ogg: 62fdf1f143b41e24485cea50d1cbac27 -> 
  custom:video-decoder-webm-vp8: 9c59270c3fd7afecdb556c50c9e8de78 -> 
  custom:audio-decoder-ogg-vorbis: bf7c407c2cedff20999df2af8eb42d56 -> 
========================================================================
Received Import Request.
  Time since last request: 234.281879 seconds.
  path: Assets/Textures/Test Scene Mat/New Lighting Settings.lighting
  artifactKey: Guid(831fbf1ba58836346836b132c34c33eb) Importer(2089858483,0ecaa5967403d082aa24f35e1b516d23)
Start importing Assets/Textures/Test Scene Mat/New Lighting Settings.lighting using Guid(831fbf1ba58836346836b132c34c33eb) Importer(2089858483,0ecaa5967403d082aa24f35e1b516d23) Generated GUIDs only implemented for interfaces!
 -> (artifact id: '8ccfc50b8aec5a90750f0bac494b9d1d') in 0.052616 seconds 
========================================================================
Received Import Request.
  Time since last request: 92.131788 seconds.
  path: Assets/Shaders
  artifactKey: Guid(7e280ab5a5424ef42ba0e4fe667574a4) Importer(815301076,1909f56bfc062723c751e8b465ee728b)
Start importing Assets/Shaders using Guid(7e280ab5a5424ef42ba0e4fe667574a4) Importer(815301076,1909f56bfc062723c751e8b465ee728b)  -> (artifact id: '45c43c72ef3018db0f409e5a7cd2abd3') in 0.006631 seconds 
========================================================================
Received Import Request.
  Time since last request: 13.382879 seconds.
  path: Assets/Shaders/HDRenderPipelineGlobalSettings.asset
  artifactKey: Guid(8520755b588942148b9820ce783241b7) Importer(815301076,1909f56bfc062723c751e8b465ee728b)
Start importing Assets/Shaders/HDRenderPipelineGlobalSettings.asset using Guid(8520755b588942148b9820ce783241b7) Importer(815301076,1909f56bfc062723c751e8b465ee728b)  -> (artifact id: 'bf2b0a53263bc3d28ac4771a1f020263') in 0.007612 seconds 
========================================================================
Received Import Request.
  Time since last request: 0.722951 seconds.
  path: Assets/Shaders/HDRenderPipelineGlobalSettings.asset
  artifactKey: Guid(8520755b588942148b9820ce783241b7) Importer(2089858483,0ecaa5967403d082aa24f35e1b516d23)
Start importing Assets/Shaders/HDRenderPipelineGlobalSettings.asset using Guid(8520755b588942148b9820ce783241b7) Importer(2089858483,0ecaa5967403d082aa24f35e1b516d23) Generated GUIDs only implemented for interfaces!
 -> (artifact id: '69923fd87a77252fa3a19d128a7cf6af') in 0.052782 seconds 
========================================================================
Received Import Request.
  Time since last request: 20.622587 seconds.
  path: Assets/Textures/Test Scene Mat/New Lighting Settings.lighting
  artifactKey: Guid(831fbf1ba58836346836b132c34c33eb) Importer(2089858483,0ecaa5967403d082aa24f35e1b516d23)
Start importing Assets/Textures/Test Scene Mat/New Lighting Settings.lighting using Guid(831fbf1ba58836346836b132c34c33eb) Importer(2089858483,0ecaa5967403d082aa24f35e1b516d23) Generated GUIDs only implemented for interfaces!
 -> (artifact id: '4df719a23025e5e3e6a0cf6cd61fd368') in 0.026408 seconds 
========================================================================
Received Import Request.
  Time since last request: 9.086900 seconds.
  path: Assets/Shaders/New HDRenderPipelineAsset 1.asset
  artifactKey: Guid(370bc6d52a4522e449ae2828c4209d39) Importer(815301076,1909f56bfc062723c751e8b465ee728b)
Start importing Assets/Shaders/New HDRenderPipelineAsset 1.asset using Guid(370bc6d52a4522e449ae2828c4209d39) Importer(815301076,1909f56bfc062723c751e8b465ee728b)  -> (artifact id: '2111405e21c5098996205645434e3ddd') in 0.019791 seconds 
========================================================================
Received Import Request.
  Time since last request: 0.955285 seconds.
  path: Assets/Shaders/New HDRenderPipelineAsset 1.asset
  artifactKey: Guid(370bc6d52a4522e449ae2828c4209d39) Importer(2089858483,0ecaa5967403d082aa24f35e1b516d23)
Start importing Assets/Shaders/New HDRenderPipelineAsset 1.asset using Guid(370bc6d52a4522e449ae2828c4209d39) Importer(2089858483,0ecaa5967403d082aa24f35e1b516d23) Generated GUIDs only implemented for interfaces!
 -> (artifact id: 'b62089aa172102a67e4539739ba800c1') in 0.043617 seconds 
========================================================================
Received Prepare
Switching render pipeline 6f0a0e1bf44345f4d8c0bb2170794ee1 -> 00000000000000000000000000000000
Refreshing native plugins compatible for Editor in 6.58 ms, found 3 plugins.
Preloading 0 native plugins for Editor in 0.00 ms.
Unloading 46 Unused Serialized files (Serialized files now loaded: 0)
Unloading 47 unused Assets / (3.9 MB). Loaded Objects now: 6371.
Memory consumption went from 146.3 MB to 142.4 MB.
Total: 7.394400 ms (FindLiveObjects: 0.626100 ms CreateObjectMapping: 0.177500 ms MarkObjects: 5.372100 ms  DeleteObjects: 1.218000 ms)

AssetImportParameters requested are different than current active one (requested -> active):
  custom:video-decoder-ogg-theora: a1e56fd34408186e4bbccfd4996cb3dc -> 
  custom:container-muxer-webm: aa71ff27fc2769a1b78a27578f13a17b -> 
  custom:container-demuxer-webm: 4f35f7cbe854078d1ac9338744f61a02 -> 
  custom:video-encoder-webm-vp8: eb34c28f22e8b96e1ab97ce403110664 -> 
  custom:audio-encoder-webm-vorbis: bf7c407c2cedff20999df2af8eb42d56 -> 
  custom:framework-win-MediaFoundation: 216162199b28c13a410421893ffa2e32 -> 
  custom:SearchIndexIgnoredProperties: e643bd26f0fe6173181afceb89e7c659 -> 
  custom:container-demuxer-ogg: 62fdf1f143b41e24485cea50d1cbac27 -> 
  custom:video-decoder-webm-vp8: 9c59270c3fd7afecdb556c50c9e8de78 -> 
  custom:audio-decoder-ogg-vorbis: bf7c407c2cedff20999df2af8eb42d56 -> 
========================================================================
Received Import Request.
  Time since last request: 25.914122 seconds.
  path: Assets/Shaders/HDRenderPipelineGlobalSettings.asset
  artifactKey: Guid(8520755b588942148b9820ce783241b7) Importer(815301076,1909f56bfc062723c751e8b465ee728b)
Start importing Assets/Shaders/HDRenderPipelineGlobalSettings.asset using Guid(8520755b588942148b9820ce783241b7) Importer(815301076,1909f56bfc062723c751e8b465ee728b)  -> (artifact id: '27bc6636ed4926bf253f4efa7d28ee26') in 0.015905 seconds 
========================================================================
Received Import Request.
  Time since last request: 0.000031 seconds.
  path: Assets/Shaders/New HDRenderPipelineAsset.asset
  artifactKey: Guid(6f0a0e1bf44345f4d8c0bb2170794ee1) Importer(815301076,1909f56bfc062723c751e8b465ee728b)
Start importing Assets/Shaders/New HDRenderPipelineAsset.asset using Guid(6f0a0e1bf44345f4d8c0bb2170794ee1) Importer(815301076,1909f56bfc062723c751e8b465ee728b)  -> (artifact id: '2bb9f9401d8ce20787bad3f7b47f2b7a') in 0.003149 seconds 
========================================================================
Received Prepare
Switching render pipeline 6f0a0e1bf44345f4d8c0bb2170794ee1 -> 370bc6d52a4522e449ae2828c4209d39
Refreshing native plugins compatible for Editor in 7.29 ms, found 3 plugins.
Preloading 0 native plugins for Editor in 0.00 ms.
Unloading 48 Unused Serialized files (Serialized files now loaded: 0)
Unloading 47 unused Assets / (3.9 MB). Loaded Objects now: 6372.
Memory consumption went from 146.3 MB to 142.5 MB.
Total: 5.844600 ms (FindLiveObjects: 0.667600 ms CreateObjectMapping: 0.180700 ms MarkObjects: 3.916900 ms  DeleteObjects: 1.078300 ms)

AssetImportParameters requested are different than current active one (requested -> active):
  custom:video-decoder-ogg-theora: a1e56fd34408186e4bbccfd4996cb3dc -> 
  custom:container-muxer-webm: aa71ff27fc2769a1b78a27578f13a17b -> 
  custom:container-demuxer-webm: 4f35f7cbe854078d1ac9338744f61a02 -> 
  custom:video-encoder-webm-vp8: eb34c28f22e8b96e1ab97ce403110664 -> 
  custom:audio-encoder-webm-vorbis: bf7c407c2cedff20999df2af8eb42d56 -> 
  custom:framework-win-MediaFoundation: 216162199b28c13a410421893ffa2e32 -> 
  custom:SearchIndexIgnoredProperties: e643bd26f0fe6173181afceb89e7c659 -> 
  custom:container-demuxer-ogg: 62fdf1f143b41e24485cea50d1cbac27 -> 
  custom:video-decoder-webm-vp8: 9c59270c3fd7afecdb556c50c9e8de78 -> 
  custom:audio-decoder-ogg-vorbis: bf7c407c2cedff20999df2af8eb42d56 -> 
========================================================================
Received Import Request.
  Time since last request: 5.032974 seconds.
  path: Assets/Shaders/HDRenderPipelineGlobalSettings.asset
  artifactKey: Guid(8520755b588942148b9820ce783241b7) Importer(815301076,1909f56bfc062723c751e8b465ee728b)
Start importing Assets/Shaders/HDRenderPipelineGlobalSettings.asset using Guid(8520755b588942148b9820ce783241b7) Importer(815301076,1909f56bfc062723c751e8b465ee728b)  -> (artifact id: 'c439958a2e72ad443e894b568d79a79f') in 0.009322 seconds 
========================================================================
Received Prepare
Switching render pipeline 6f0a0e1bf44345f4d8c0bb2170794ee1 -> 00000000000000000000000000000000
Refreshing native plugins compatible for Editor in 5.11 ms, found 3 plugins.
Preloading 0 native plugins for Editor in 0.00 ms.
Unloading 47 Unused Serialized files (Serialized files now loaded: 0)
Unloading 48 unused Assets / (3.9 MB). Loaded Objects now: 6371.
Memory consumption went from 146.4 MB to 142.5 MB.
Total: 4.905500 ms (FindLiveObjects: 0.532100 ms CreateObjectMapping: 0.162800 ms MarkObjects: 3.283900 ms  DeleteObjects: 0.926000 ms)

AssetImportParameters requested are different than current active one (requested -> active):
  custom:video-decoder-ogg-theora: a1e56fd34408186e4bbccfd4996cb3dc -> 
  custom:container-muxer-webm: aa71ff27fc2769a1b78a27578f13a17b -> 
  custom:container-demuxer-webm: 4f35f7cbe854078d1ac9338744f61a02 -> 
  custom:video-encoder-webm-vp8: eb34c28f22e8b96e1ab97ce403110664 -> 
  custom:audio-encoder-webm-vorbis: bf7c407c2cedff20999df2af8eb42d56 -> 
  custom:framework-win-MediaFoundation: 216162199b28c13a410421893ffa2e32 -> 
  custom:SearchIndexIgnoredProperties: e643bd26f0fe6173181afceb89e7c659 -> 
  custom:container-demuxer-ogg: 62fdf1f143b41e24485cea50d1cbac27 -> 
  custom:video-decoder-webm-vp8: 9c59270c3fd7afecdb556c50c9e8de78 -> 
  custom:audio-decoder-ogg-vorbis: bf7c407c2cedff20999df2af8eb42d56 -> 
========================================================================
Received Prepare
Refreshing native plugins compatible for Editor in 7.12 ms, found 3 plugins.
Preloading 0 native plugins for Editor in 0.00 ms.
Unloading 47 Unused Serialized files (Serialized files now loaded: 0)
Unloading 46 unused Assets / (3.9 MB). Loaded Objects now: 6372.
Memory consumption went from 146.3 MB to 142.4 MB.
Total: 6.199400 ms (FindLiveObjects: 0.580800 ms CreateObjectMapping: 0.169900 ms MarkObjects: 3.977500 ms  DeleteObjects: 1.469700 ms)

AssetImportParameters requested are different than current active one (requested -> active):
  custom:video-decoder-ogg-theora: a1e56fd34408186e4bbccfd4996cb3dc -> 
  custom:container-muxer-webm: aa71ff27fc2769a1b78a27578f13a17b -> 
  custom:container-demuxer-webm: 4f35f7cbe854078d1ac9338744f61a02 -> 
  custom:video-encoder-webm-vp8: eb34c28f22e8b96e1ab97ce403110664 -> 
  custom:audio-encoder-webm-vorbis: bf7c407c2cedff20999df2af8eb42d56 -> 
  custom:framework-win-MediaFoundation: 216162199b28c13a410421893ffa2e32 -> 
  custom:SearchIndexIgnoredProperties: e643bd26f0fe6173181afceb89e7c659 -> 
  custom:container-demuxer-ogg: 62fdf1f143b41e24485cea50d1cbac27 -> 
  custom:video-decoder-webm-vp8: 9c59270c3fd7afecdb556c50c9e8de78 -> 
  custom:audio-decoder-ogg-vorbis: bf7c407c2cedff20999df2af8eb42d56 -> 
========================================================================
Received Import Request.
  Time since last request: 97.223203 seconds.
  path: Assets/HDRPDefaultResources/DefaultSettingsVolumeProfile.asset
  artifactKey: Guid(16c2d718419c78141807ec1fdec0658e) Importer(2089858483,0ecaa5967403d082aa24f35e1b516d23)
Start importing Assets/HDRPDefaultResources/DefaultSettingsVolumeProfile.asset using Guid(16c2d718419c78141807ec1fdec0658e) Importer(2089858483,0ecaa5967403d082aa24f35e1b516d23) Generated GUIDs only implemented for interfaces!
 -> (artifact id: '58422e066de32e0060bb5c9b337348fb') in 0.031156 seconds 
========================================================================
Received Prepare
Registering precompiled user dll's ...
Registered in 0.006288 seconds.
Begin MonoManager ReloadAssembly
Symbol file LoadedFromMemory doesn't match image D:\shit I made\2023\James fuck james\Repo\G-J-IDEA\G-J_IDEA\Library\PackageCache\com.unity.visualscripting@1.8.0\Editor\VisualScripting.Core\Dependencies\YamlDotNet\Unity.VisualScripting.YamlDotNet.dll
Symbol file LoadedFromMemory doesn't match image D:\shit I made\2023\James fuck james\Repo\G-J-IDEA\G-J_IDEA\Library\PackageCache\com.unity.visualscripting@1.8.0\Editor\VisualScripting.Core\Dependencies\DotNetZip\Unity.VisualScripting.IonicZip.dll
Native extension for WindowsStandalone target not found
Refreshing native plugins compatible for Editor in 1.13 ms, found 3 plugins.
Preloading 0 native plugins for Editor in 0.00 ms.
Mono: successfully reloaded assembly
- Completed reload, in  1.195 seconds
Domain Reload Profiling:
	ReloadAssembly (1196ms)
		BeginReloadAssembly (167ms)
			ExecutionOrderSort (0ms)
			DisableScriptedObjects (5ms)
			BackupInstance (0ms)
			ReleaseScriptingObjects (0ms)
			CreateAndSetChildDomain (46ms)
		EndReloadAssembly (916ms)
			LoadAssemblies (132ms)
			RebuildTransferFunctionScriptingTraits (0ms)
			SetupTypeCache (310ms)
			ReleaseScriptCaches (2ms)
			RebuildScriptCaches (59ms)
			SetupLoadedEditorAssemblies (366ms)
				LogAssemblyErrors (0ms)
				InitializePlatformSupportModulesInManaged (5ms)
				SetLoadedEditorAssemblies (0ms)
				RefreshPlugins (1ms)
				BeforeProcessingInitializeOnLoad (85ms)
				ProcessInitializeOnLoadAttributes (242ms)
				ProcessInitializeOnLoadMethodAttributes (24ms)
				AfterProcessingInitializeOnLoad (9ms)
				EditorAssembliesLoaded (0ms)
			ExecutionOrderSort2 (0ms)
			AwakeInstancesAfterBackupRestoration (27ms)
Platform modules already initialized, skipping
Refreshing native plugins compatible for Editor in 2.56 ms, found 3 plugins.
Preloading 0 native plugins for Editor in 0.00 ms.
Unloading 5630 Unused Serialized files (Serialized files now loaded: 0)
Unloading 46 unused Assets / (3.9 MB). Loaded Objects now: 6375.
Memory consumption went from 258.3 MB to 254.4 MB.
Total: 4.598600 ms (FindLiveObjects: 0.540500 ms CreateObjectMapping: 0.151900 ms MarkObjects: 2.801000 ms  DeleteObjects: 1.104300 ms)

AssetImportParameters requested are different than current active one (requested -> active):
  custom:video-decoder-ogg-theora: a1e56fd34408186e4bbccfd4996cb3dc -> 
  custom:container-muxer-webm: aa71ff27fc2769a1b78a27578f13a17b -> 
  custom:container-demuxer-webm: 4f35f7cbe854078d1ac9338744f61a02 -> 
  custom:video-encoder-webm-vp8: eb34c28f22e8b96e1ab97ce403110664 -> 
  custom:audio-encoder-webm-vorbis: bf7c407c2cedff20999df2af8eb42d56 -> 
  custom:framework-win-MediaFoundation: 216162199b28c13a410421893ffa2e32 -> 
  custom:SearchIndexIgnoredProperties: e643bd26f0fe6173181afceb89e7c659 -> 
  custom:container-demuxer-ogg: 62fdf1f143b41e24485cea50d1cbac27 -> 
  custom:video-decoder-webm-vp8: 9c59270c3fd7afecdb556c50c9e8de78 -> 
  custom:audio-decoder-ogg-vorbis: bf7c407c2cedff20999df2af8eb42d56 -> 
========================================================================
Received Import Request.
  Time since last request: 180.438579 seconds.
  path: Assets/FirstPersonController.prefab
  artifactKey: Guid(0a9b3bcdc6bf25041b8b4d21cc909d29) Importer(815301076,1909f56bfc062723c751e8b465ee728b)
Start importing Assets/FirstPersonController.prefab using Guid(0a9b3bcdc6bf25041b8b4d21cc909d29) Importer(815301076,1909f56bfc062723c751e8b465ee728b)  -> (artifact id: '3edf23bb04abb2617aa4b30e2cc37cc2') in 0.058289 seconds 
========================================================================
Received Import Request.
  Time since last request: 6.260203 seconds.
  path: Assets/Scenes/ObjTest.unity
  artifactKey: Guid(6f63afa3ae8cf4d40a6e2a9feb11a699) Importer(815301076,1909f56bfc062723c751e8b465ee728b)
Start importing Assets/Scenes/ObjTest.unity using Guid(6f63afa3ae8cf4d40a6e2a9feb11a699) Importer(815301076,1909f56bfc062723c751e8b465ee728b)  -> (artifact id: '671d4d8305413a745485416c236579b1') in 0.007147 seconds 
========================================================================
Received Prepare
Registering precompiled user dll's ...
Registered in 0.008354 seconds.
Begin MonoManager ReloadAssembly
Symbol file LoadedFromMemory doesn't match image D:\shit I made\2023\James fuck james\Repo\G-J-IDEA\G-J_IDEA\Library\PackageCache\com.unity.visualscripting@1.8.0\Editor\VisualScripting.Core\Dependencies\YamlDotNet\Unity.VisualScripting.YamlDotNet.dll
Symbol file LoadedFromMemory doesn't match image D:\shit I made\2023\James fuck james\Repo\G-J-IDEA\G-J_IDEA\Library\PackageCache\com.unity.visualscripting@1.8.0\Editor\VisualScripting.Core\Dependencies\DotNetZip\Unity.VisualScripting.IonicZip.dll
Native extension for WindowsStandalone target not found
Refreshing native plugins compatible for Editor in 1.22 ms, found 3 plugins.
Preloading 0 native plugins for Editor in 0.00 ms.
Mono: successfully reloaded assembly
- Completed reload, in  1.249 seconds
Domain Reload Profiling:
	ReloadAssembly (1250ms)
		BeginReloadAssembly (149ms)
			ExecutionOrderSort (0ms)
			DisableScriptedObjects (4ms)
			BackupInstance (0ms)
			ReleaseScriptingObjects (0ms)
			CreateAndSetChildDomain (41ms)
		EndReloadAssembly (997ms)
			LoadAssemblies (106ms)
			RebuildTransferFunctionScriptingTraits (0ms)
			SetupTypeCache (335ms)
			ReleaseScriptCaches (2ms)
			RebuildScriptCaches (73ms)
			SetupLoadedEditorAssemblies (400ms)
				LogAssemblyErrors (0ms)
				InitializePlatformSupportModulesInManaged (6ms)
				SetLoadedEditorAssemblies (0ms)
				RefreshPlugins (1ms)
				BeforeProcessingInitializeOnLoad (98ms)
				ProcessInitializeOnLoadAttributes (257ms)
				ProcessInitializeOnLoadMethodAttributes (28ms)
				AfterProcessingInitializeOnLoad (10ms)
				EditorAssembliesLoaded (0ms)
			ExecutionOrderSort2 (0ms)
			AwakeInstancesAfterBackupRestoration (35ms)
Platform modules already initialized, skipping
Refreshing native plugins compatible for Editor in 2.66 ms, found 3 plugins.
Preloading 0 native plugins for Editor in 0.00 ms.
Unloading 5630 Unused Serialized files (Serialized files now loaded: 0)
Unloading 46 unused Assets / (3.9 MB). Loaded Objects now: 6378.
Memory consumption went from 258.4 MB to 254.5 MB.
Total: 4.645100 ms (FindLiveObjects: 0.531000 ms CreateObjectMapping: 0.149000 ms MarkObjects: 2.655500 ms  DeleteObjects: 1.308500 ms)

AssetImportParameters requested are different than current active one (requested -> active):
  custom:video-decoder-ogg-theora: a1e56fd34408186e4bbccfd4996cb3dc -> 
  custom:container-muxer-webm: aa71ff27fc2769a1b78a27578f13a17b -> 
  custom:container-demuxer-webm: 4f35f7cbe854078d1ac9338744f61a02 -> 
  custom:video-encoder-webm-vp8: eb34c28f22e8b96e1ab97ce403110664 -> 
  custom:audio-encoder-webm-vorbis: bf7c407c2cedff20999df2af8eb42d56 -> 
  custom:framework-win-MediaFoundation: 216162199b28c13a410421893ffa2e32 -> 
  custom:SearchIndexIgnoredProperties: e643bd26f0fe6173181afceb89e7c659 -> 
  custom:container-demuxer-ogg: 62fdf1f143b41e24485cea50d1cbac27 -> 
  custom:video-decoder-webm-vp8: 9c59270c3fd7afecdb556c50c9e8de78 -> 
  custom:audio-decoder-ogg-vorbis: bf7c407c2cedff20999df2af8eb42d56 -> 
========================================================================
Received Import Request.
  Time since last request: 137.212189 seconds.
  path: Assets/HDRPDefaultResources/DefaultSettingsVolumeProfile.asset
  artifactKey: Guid(16c2d718419c78141807ec1fdec0658e) Importer(815301076,1909f56bfc062723c751e8b465ee728b)
Start importing Assets/HDRPDefaultResources/DefaultSettingsVolumeProfile.asset using Guid(16c2d718419c78141807ec1fdec0658e) Importer(815301076,1909f56bfc062723c751e8b465ee728b)  -> (artifact id: 'dbe072607a1fff523c490e585951792f') in 0.048327 seconds 
========================================================================
Received Import Request.
  Time since last request: 193.601838 seconds.
  path: Assets/Models/Torch.obj
  artifactKey: Guid(2dff1628b90ffdb448e1e707d6a64fa7) Importer(815301076,1909f56bfc062723c751e8b465ee728b)
Start importing Assets/Models/Torch.obj using Guid(2dff1628b90ffdb448e1e707d6a64fa7) Importer(815301076,1909f56bfc062723c751e8b465ee728b)  -> (artifact id: '18b5aa69c1d3fb8e4118a0099663903b') in 0.637405 seconds 
========================================================================
Received Import Request.
  Time since last request: 5.246342 seconds.
  path: Assets/Models/Diffuse.png
  artifactKey: Guid(5242dba557ea6014db9acda66c6743ab) Importer(815301076,1909f56bfc062723c751e8b465ee728b)
Start importing Assets/Models/Diffuse.png using Guid(5242dba557ea6014db9acda66c6743ab) Importer(815301076,1909f56bfc062723c751e8b465ee728b)  -> (artifact id: 'e9294d781122a8479b9174e1ed070e45') in 0.025509 seconds 
========================================================================
Received Import Request.
  Time since last request: 6.437908 seconds.
  path: Assets/Models/medbox (1).prefab
  artifactKey: Guid(29d1097690bfa5c4f8338de719c18097) Importer(815301076,1909f56bfc062723c751e8b465ee728b)
Start importing Assets/Models/medbox (1).prefab using Guid(29d1097690bfa5c4f8338de719c18097) Importer(815301076,1909f56bfc062723c751e8b465ee728b)  -> (artifact id: 'd609bd589be40cfef530b6694f47aee3') in 0.025005 seconds 
========================================================================
Received Prepare
Registering precompiled user dll's ...
Registered in 0.007048 seconds.
Begin MonoManager ReloadAssembly
Cleanup Blit
UnityEngine.StackTraceUtility:ExtractStackTrace ()
UnityEngine.DebugLogHandler:LogFormat (UnityEngine.LogType,UnityEngine.Object,string,object[])
UnityEngine.Logger:Log (UnityEngine.LogType,object)
UnityEngine.Debug:Log (object)
UnityEngine.Rendering.Blitter:Cleanup () (at Library/PackageCache/com.unity.render-pipelines.core@12.1.11/Runtime/Utilities/Blitter.cs:158)
UnityEngine.Rendering.HighDefinition.HDRenderPipeline:Dispose (bool) (at Library/PackageCache/com.unity.render-pipelines.high-definition@12.1.11/Runtime/RenderPipeline/HDRenderPipeline.cs:749)
UnityEngine.Rendering.RenderPipeline:Dispose ()
UnityEngine.Rendering.RenderPipelineManager:CleanupRenderPipeline ()
UnityEngine.Rendering.RenderPipelineAsset:OnDisable ()

(Filename: Library/PackageCache/com.unity.render-pipelines.core@12.1.11/Runtime/Utilities/Blitter.cs Line: 158)

Symbol file LoadedFromMemory doesn't match image D:\shit I made\2023\James fuck james\Repo\G-J-IDEA\G-J_IDEA\Library\PackageCache\com.unity.visualscripting@1.8.0\Editor\VisualScripting.Core\Dependencies\YamlDotNet\Unity.VisualScripting.YamlDotNet.dll
Symbol file LoadedFromMemory doesn't match image D:\shit I made\2023\James fuck james\Repo\G-J-IDEA\G-J_IDEA\Library\PackageCache\com.unity.visualscripting@1.8.0\Editor\VisualScripting.Core\Dependencies\DotNetZip\Unity.VisualScripting.IonicZip.dll
Native extension for WindowsStandalone target not found
Refreshing native plugins compatible for Editor in 2.03 ms, found 3 plugins.
Preloading 0 native plugins for Editor in 0.00 ms.
Mono: successfully reloaded assembly
- Completed reload, in  1.691 seconds
Domain Reload Profiling:
	ReloadAssembly (1692ms)
		BeginReloadAssembly (192ms)
			ExecutionOrderSort (0ms)
			DisableScriptedObjects (28ms)
			BackupInstance (0ms)
			ReleaseScriptingObjects (0ms)
			CreateAndSetChildDomain (52ms)
		EndReloadAssembly (1368ms)
			LoadAssemblies (132ms)
			RebuildTransferFunctionScriptingTraits (0ms)
			SetupTypeCache (473ms)
			ReleaseScriptCaches (4ms)
			RebuildScriptCaches (101ms)
			SetupLoadedEditorAssemblies (469ms)
				LogAssemblyErrors (0ms)
				InitializePlatformSupportModulesInManaged (8ms)
				SetLoadedEditorAssemblies (1ms)
				RefreshPlugins (2ms)
				BeforeProcessingInitializeOnLoad (130ms)
				ProcessInitializeOnLoadAttributes (290ms)
				ProcessInitializeOnLoadMethodAttributes (28ms)
				AfterProcessingInitializeOnLoad (11ms)
				EditorAssembliesLoaded (0ms)
			ExecutionOrderSort2 (0ms)
			AwakeInstancesAfterBackupRestoration (36ms)
Platform modules already initialized, skipping
Refreshing native plugins compatible for Editor in 2.42 ms, found 3 plugins.
Preloading 0 native plugins for Editor in 0.00 ms.
Unloading 5631 Unused Serialized files (Serialized files now loaded: 0)
Unloading 46 unused Assets / (3.9 MB). Loaded Objects now: 6532.
Memory consumption went from 265.9 MB to 262.0 MB.
Total: 5.250700 ms (FindLiveObjects: 0.566200 ms CreateObjectMapping: 0.143100 ms MarkObjects: 3.187500 ms  DeleteObjects: 1.352500 ms)

AssetImportParameters requested are different than current active one (requested -> active):
  custom:video-decoder-ogg-theora: a1e56fd34408186e4bbccfd4996cb3dc -> 
  custom:container-muxer-webm: aa71ff27fc2769a1b78a27578f13a17b -> 
  custom:container-demuxer-webm: 4f35f7cbe854078d1ac9338744f61a02 -> 
  custom:video-encoder-webm-vp8: eb34c28f22e8b96e1ab97ce403110664 -> 
  custom:audio-encoder-webm-vorbis: bf7c407c2cedff20999df2af8eb42d56 -> 
  custom:framework-win-MediaFoundation: 216162199b28c13a410421893ffa2e32 -> 
  custom:SearchIndexIgnoredProperties: e643bd26f0fe6173181afceb89e7c659 -> 
  custom:container-demuxer-ogg: 62fdf1f143b41e24485cea50d1cbac27 -> 
  custom:video-decoder-webm-vp8: 9c59270c3fd7afecdb556c50c9e8de78 -> 
  custom:audio-decoder-ogg-vorbis: bf7c407c2cedff20999df2af8eb42d56 -> 
========================================================================
Received Prepare
Registering precompiled user dll's ...
Registered in 0.006537 seconds.
Begin MonoManager ReloadAssembly
Symbol file LoadedFromMemory doesn't match image D:\shit I made\2023\James fuck james\Repo\G-J-IDEA\G-J_IDEA\Library\PackageCache\com.unity.visualscripting@1.8.0\Editor\VisualScripting.Core\Dependencies\YamlDotNet\Unity.VisualScripting.YamlDotNet.dll
Symbol file LoadedFromMemory doesn't match image D:\shit I made\2023\James fuck james\Repo\G-J-IDEA\G-J_IDEA\Library\PackageCache\com.unity.visualscripting@1.8.0\Editor\VisualScripting.Core\Dependencies\DotNetZip\Unity.VisualScripting.IonicZip.dll
Native extension for WindowsStandalone target not found
Refreshing native plugins compatible for Editor in 1.21 ms, found 3 plugins.
Preloading 0 native plugins for Editor in 0.00 ms.
Mono: successfully reloaded assembly
- Completed reload, in  1.234 seconds
Domain Reload Profiling:
	ReloadAssembly (1234ms)
		BeginReloadAssembly (144ms)
			ExecutionOrderSort (0ms)
			DisableScriptedObjects (6ms)
			BackupInstance (0ms)
			ReleaseScriptingObjects (0ms)
			CreateAndSetChildDomain (37ms)
		EndReloadAssembly (1003ms)
			LoadAssemblies (99ms)
			RebuildTransferFunctionScriptingTraits (0ms)
			SetupTypeCache (309ms)
			ReleaseScriptCaches (2ms)
			RebuildScriptCaches (74ms)
			SetupLoadedEditorAssemblies (386ms)
				LogAssemblyErrors (0ms)
				InitializePlatformSupportModulesInManaged (6ms)
				SetLoadedEditorAssemblies (0ms)
				RefreshPlugins (1ms)
				BeforeProcessingInitializeOnLoad (96ms)
				ProcessInitializeOnLoadAttributes (246ms)
				ProcessInitializeOnLoadMethodAttributes (26ms)
				AfterProcessingInitializeOnLoad (11ms)
				EditorAssembliesLoaded (0ms)
			ExecutionOrderSort2 (0ms)
			AwakeInstancesAfterBackupRestoration (35ms)
Platform modules already initialized, skipping
Refreshing native plugins compatible for Editor in 3.15 ms, found 3 plugins.
Preloading 0 native plugins for Editor in 0.00 ms.
Unloading 5632 Unused Serialized files (Serialized files now loaded: 0)
Unloading 46 unused Assets / (3.9 MB). Loaded Objects now: 6535.
Memory consumption went from 265.8 MB to 261.9 MB.
Total: 4.506700 ms (FindLiveObjects: 0.538500 ms CreateObjectMapping: 0.131900 ms MarkObjects: 2.774500 ms  DeleteObjects: 1.061000 ms)

AssetImportParameters requested are different than current active one (requested -> active):
  custom:video-decoder-ogg-theora: a1e56fd34408186e4bbccfd4996cb3dc -> 
  custom:container-muxer-webm: aa71ff27fc2769a1b78a27578f13a17b -> 
  custom:container-demuxer-webm: 4f35f7cbe854078d1ac9338744f61a02 -> 
  custom:video-encoder-webm-vp8: eb34c28f22e8b96e1ab97ce403110664 -> 
  custom:audio-encoder-webm-vorbis: bf7c407c2cedff20999df2af8eb42d56 -> 
  custom:framework-win-MediaFoundation: 216162199b28c13a410421893ffa2e32 -> 
  custom:SearchIndexIgnoredProperties: e643bd26f0fe6173181afceb89e7c659 -> 
  custom:container-demuxer-ogg: 62fdf1f143b41e24485cea50d1cbac27 -> 
  custom:video-decoder-webm-vp8: 9c59270c3fd7afecdb556c50c9e8de78 -> 
  custom:audio-decoder-ogg-vorbis: bf7c407c2cedff20999df2af8eb42d56 -> 
========================================================================
Received Prepare
Registering precompiled user dll's ...
Registered in 0.005543 seconds.
Begin MonoManager ReloadAssembly
Symbol file LoadedFromMemory doesn't match image D:\shit I made\2023\James fuck james\Repo\G-J-IDEA\G-J_IDEA\Library\PackageCache\com.unity.visualscripting@1.8.0\Editor\VisualScripting.Core\Dependencies\YamlDotNet\Unity.VisualScripting.YamlDotNet.dll
Symbol file LoadedFromMemory doesn't match image D:\shit I made\2023\James fuck james\Repo\G-J-IDEA\G-J_IDEA\Library\PackageCache\com.unity.visualscripting@1.8.0\Editor\VisualScripting.Core\Dependencies\DotNetZip\Unity.VisualScripting.IonicZip.dll
Native extension for WindowsStandalone target not found
Refreshing native plugins compatible for Editor in 1.39 ms, found 3 plugins.
Preloading 0 native plugins for Editor in 0.00 ms.
Mono: successfully reloaded assembly
- Completed reload, in  1.239 seconds
Domain Reload Profiling:
	ReloadAssembly (1239ms)
		BeginReloadAssembly (151ms)
			ExecutionOrderSort (0ms)
			DisableScriptedObjects (5ms)
			BackupInstance (0ms)
			ReleaseScriptingObjects (0ms)
			CreateAndSetChildDomain (42ms)
		EndReloadAssembly (982ms)
			LoadAssemblies (111ms)
			RebuildTransferFunctionScriptingTraits (0ms)
			SetupTypeCache (299ms)
			ReleaseScriptCaches (3ms)
			RebuildScriptCaches (67ms)
			SetupLoadedEditorAssemblies (378ms)
				LogAssemblyErrors (0ms)
				InitializePlatformSupportModulesInManaged (7ms)
				SetLoadedEditorAssemblies (1ms)
				RefreshPlugins (1ms)
				BeforeProcessingInitializeOnLoad (95ms)
				ProcessInitializeOnLoadAttributes (236ms)
				ProcessInitializeOnLoadMethodAttributes (27ms)
				AfterProcessingInitializeOnLoad (10ms)
				EditorAssembliesLoaded (0ms)
			ExecutionOrderSort2 (0ms)
			AwakeInstancesAfterBackupRestoration (37ms)
Platform modules already initialized, skipping
Refreshing native plugins compatible for Editor in 2.97 ms, found 3 plugins.
Preloading 0 native plugins for Editor in 0.00 ms.
Unloading 5632 Unused Serialized files (Serialized files now loaded: 0)
Unloading 46 unused Assets / (3.9 MB). Loaded Objects now: 6538.
Memory consumption went from 265.8 MB to 262.0 MB.
Total: 4.496000 ms (FindLiveObjects: 0.542500 ms CreateObjectMapping: 0.148000 ms MarkObjects: 2.696600 ms  DeleteObjects: 1.108000 ms)

AssetImportParameters requested are different than current active one (requested -> active):
  custom:video-decoder-ogg-theora: a1e56fd34408186e4bbccfd4996cb3dc -> 
  custom:container-muxer-webm: aa71ff27fc2769a1b78a27578f13a17b -> 
  custom:container-demuxer-webm: 4f35f7cbe854078d1ac9338744f61a02 -> 
  custom:video-encoder-webm-vp8: eb34c28f22e8b96e1ab97ce403110664 -> 
  custom:audio-encoder-webm-vorbis: bf7c407c2cedff20999df2af8eb42d56 -> 
  custom:framework-win-MediaFoundation: 216162199b28c13a410421893ffa2e32 -> 
  custom:SearchIndexIgnoredProperties: e643bd26f0fe6173181afceb89e7c659 -> 
  custom:container-demuxer-ogg: 62fdf1f143b41e24485cea50d1cbac27 -> 
  custom:video-decoder-webm-vp8: 9c59270c3fd7afecdb556c50c9e8de78 -> 
  custom:audio-decoder-ogg-vorbis: bf7c407c2cedff20999df2af8eb42d56 -> 
========================================================================
Received Prepare
Registering precompiled user dll's ...
Registered in 0.005923 seconds.
Begin MonoManager ReloadAssembly
Symbol file LoadedFromMemory doesn't match image D:\shit I made\2023\James fuck james\Repo\G-J-IDEA\G-J_IDEA\Library\PackageCache\com.unity.visualscripting@1.8.0\Editor\VisualScripting.Core\Dependencies\YamlDotNet\Unity.VisualScripting.YamlDotNet.dll
Symbol file LoadedFromMemory doesn't match image D:\shit I made\2023\James fuck james\Repo\G-J-IDEA\G-J_IDEA\Library\PackageCache\com.unity.visualscripting@1.8.0\Editor\VisualScripting.Core\Dependencies\DotNetZip\Unity.VisualScripting.IonicZip.dll
Native extension for WindowsStandalone target not found
Refreshing native plugins compatible for Editor in 1.30 ms, found 3 plugins.
Preloading 0 native plugins for Editor in 0.00 ms.
Mono: successfully reloaded assembly
- Completed reload, in  1.253 seconds
Domain Reload Profiling:
	ReloadAssembly (1254ms)
		BeginReloadAssembly (153ms)
			ExecutionOrderSort (0ms)
			DisableScriptedObjects (7ms)
			BackupInstance (0ms)
			ReleaseScriptingObjects (0ms)
			CreateAndSetChildDomain (38ms)
		EndReloadAssembly (1007ms)
			LoadAssemblies (113ms)
			RebuildTransferFunctionScriptingTraits (0ms)
			SetupTypeCache (302ms)
			ReleaseScriptCaches (2ms)
			RebuildScriptCaches (71ms)
			SetupLoadedEditorAssemblies (392ms)
				LogAssemblyErrors (0ms)
				InitializePlatformSupportModulesInManaged (5ms)
				SetLoadedEditorAssemblies (0ms)
				RefreshPlugins (1ms)
				BeforeProcessingInitializeOnLoad (97ms)
				ProcessInitializeOnLoadAttributes (245ms)
				ProcessInitializeOnLoadMethodAttributes (33ms)
				AfterProcessingInitializeOnLoad (10ms)
				EditorAssembliesLoaded (0ms)
			ExecutionOrderSort2 (0ms)
			AwakeInstancesAfterBackupRestoration (36ms)
Platform modules already initialized, skipping
Refreshing native plugins compatible for Editor in 2.82 ms, found 3 plugins.
Preloading 0 native plugins for Editor in 0.00 ms.
Unloading 5632 Unused Serialized files (Serialized files now loaded: 0)
Unloading 46 unused Assets / (3.9 MB). Loaded Objects now: 6541.
Memory consumption went from 265.9 MB to 262.0 MB.
Total: 4.435500 ms (FindLiveObjects: 0.560900 ms CreateObjectMapping: 0.143400 ms MarkObjects: 2.733900 ms  DeleteObjects: 0.996600 ms)

AssetImportParameters requested are different than current active one (requested -> active):
  custom:video-decoder-ogg-theora: a1e56fd34408186e4bbccfd4996cb3dc -> 
  custom:container-muxer-webm: aa71ff27fc2769a1b78a27578f13a17b -> 
  custom:container-demuxer-webm: 4f35f7cbe854078d1ac9338744f61a02 -> 
  custom:video-encoder-webm-vp8: eb34c28f22e8b96e1ab97ce403110664 -> 
  custom:audio-encoder-webm-vorbis: bf7c407c2cedff20999df2af8eb42d56 -> 
  custom:framework-win-MediaFoundation: 216162199b28c13a410421893ffa2e32 -> 
  custom:SearchIndexIgnoredProperties: e643bd26f0fe6173181afceb89e7c659 -> 
  custom:container-demuxer-ogg: 62fdf1f143b41e24485cea50d1cbac27 -> 
  custom:video-decoder-webm-vp8: 9c59270c3fd7afecdb556c50c9e8de78 -> 
  custom:audio-decoder-ogg-vorbis: bf7c407c2cedff20999df2af8eb42d56 -> 
